C:\PROGRAM FILES\TELEDYNE DALSA\SAPERA\CLASSES\GUI\RELEASE64.NET_2010\ABORTDLG.OBJ
C:\PROGRAM FILES\TELEDYNE DALSA\SAPERA\CLASSES\GUI\RELEASE64.NET_2010\ACQCONFIGDLG.OBJ
C:\PROGRAM FILES\TELEDYNE DALSA\SAPERA\CLASSES\GUI\RELEASE64.NET_2010\ACQDLG.OBJ
C:\PROGRAM FILES\TELEDYNE DALSA\SAPERA\CLASSES\GUI\RELEASE64.NET_2010\ASCANDLG.OBJ
C:\PROGRAM FILES\TELEDYNE DALSA\SAPERA\CLASSES\GUI\RELEASE64.NET_2010\AVIFILEDLG.OBJ
C:\PROGRAM FILES\TELEDYNE DALSA\SAPERA\CLASSES\GUI\RELEASE64.NET_2010\BAYERDLG.OBJ
C:\PROGRAM FILES\TELEDYNE DALSA\SAPERA\CLASSES\GUI\RELEASE64.NET_2010\BROWSEDIRDLG.OBJ
C:\PROGRAM FILES\TELEDYNE DALSA\SAPERA\CLASSES\GUI\RELEASE64.NET_2010\BUFDLG.OBJ
C:\Program Files\Teledyne DALSA\Sapera\Classes\Gui\Release64.NET_2010\cl.command.1.tlog
C:\Program Files\Teledyne DALSA\Sapera\Classes\Gui\Release64.NET_2010\CL.read.1.tlog
C:\Program Files\Teledyne DALSA\Sapera\Classes\Gui\Release64.NET_2010\CL.write.1.tlog
C:\PROGRAM FILES\TELEDYNE DALSA\SAPERA\CLASSES\GUI\RELEASE64.NET_2010\COLORCONVERSIONDLG.OBJ
C:\PROGRAM FILES\TELEDYNE DALSA\SAPERA\CLASSES\GUI\RELEASE64.NET_2010\COMPDLG.OBJ
C:\PROGRAM FILES\TELEDYNE DALSA\SAPERA\CLASSES\GUI\RELEASE64.NET_2010\FLATFIELDDLG.OBJ
C:\PROGRAM FILES\TELEDYNE DALSA\SAPERA\CLASSES\GUI\RELEASE64.NET_2010\GIOBIDIRECTIONALDLG.OBJ
C:\PROGRAM FILES\TELEDYNE DALSA\SAPERA\CLASSES\GUI\RELEASE64.NET_2010\GIOINPUTDLG.OBJ
C:\PROGRAM FILES\TELEDYNE DALSA\SAPERA\CLASSES\GUI\RELEASE64.NET_2010\GIOOUTPUTDLG.OBJ
C:\PROGRAM FILES\TELEDYNE DALSA\SAPERA\CLASSES\GUI\RELEASE64.NET_2010\IMAGEEXWND.OBJ
C:\PROGRAM FILES\TELEDYNE DALSA\SAPERA\CLASSES\GUI\RELEASE64.NET_2010\IMAGEFILTEREDITORDLG.OBJ
C:\PROGRAM FILES\TELEDYNE DALSA\SAPERA\CLASSES\GUI\RELEASE64.NET_2010\IMAGEVIEWPORTWND.OBJ
C:\PROGRAM FILES\TELEDYNE DALSA\SAPERA\CLASSES\GUI\RELEASE64.NET_2010\IMAGEWND.OBJ
C:\PROGRAM FILES\TELEDYNE DALSA\SAPERA\CLASSES\GUI\RELEASE64.NET_2010\JPEGFILEDLG.OBJ
C:\Program Files\Teledyne DALSA\Sapera\Classes\Gui\Release64.NET_2010\link.command.1.tlog
C:\Program Files\Teledyne DALSA\Sapera\Classes\Gui\Release64.NET_2010\link.read.1.tlog
C:\Program Files\Teledyne DALSA\Sapera\Classes\Gui\Release64.NET_2010\link.write.1.tlog
C:\Program Files\Teledyne DALSA\Sapera\Classes\Gui\Release64.NET_2010\link-cvtres.read.1.tlog
C:\Program Files\Teledyne DALSA\Sapera\Classes\Gui\Release64.NET_2010\link-cvtres.write.1.tlog
C:\PROGRAM FILES\TELEDYNE DALSA\SAPERA\CLASSES\GUI\RELEASE64.NET_2010\LOADSAVEDLG.OBJ
C:\PROGRAM FILES\TELEDYNE DALSA\SAPERA\CLASSES\GUI\RELEASE64.NET_2010\LSCANDLG.OBJ
C:\Program Files\Teledyne DALSA\Sapera\Classes\Gui\Release64.NET_2010\mt.command.1.tlog
C:\Program Files\Teledyne DALSA\Sapera\Classes\Gui\Release64.NET_2010\mt.read.1.tlog
C:\Program Files\Teledyne DALSA\Sapera\Classes\Gui\Release64.NET_2010\mt.write.1.tlog
C:\PROGRAM FILES\TELEDYNE DALSA\SAPERA\CLASSES\GUI\RELEASE64.NET_2010\RAWFILEDLG.OBJ
C:\Program Files\Teledyne DALSA\Sapera\Classes\Gui\Release64.NET_2010\rc.command.1.tlog
C:\Program Files\Teledyne DALSA\Sapera\Classes\Gui\Release64.NET_2010\rc.read.1.tlog
C:\Program Files\Teledyne DALSA\Sapera\Classes\Gui\Release64.NET_2010\rc.write.1.tlog
C:\Program Files\Teledyne DALSA\Sapera\Classes\Gui\Release64.NET_2010\SapClassGui.exp
C:\Program Files\Teledyne DALSA\Sapera\Classes\Gui\Release64.NET_2010\SapClassGui.lib
C:\PROGRAM FILES\TELEDYNE DALSA\SAPERA\CLASSES\GUI\RELEASE64.NET_2010\SAPCLASSGUI.OBJ
C:\PROGRAM FILES\TELEDYNE DALSA\SAPERA\CLASSES\GUI\RELEASE64.NET_2010\SAPCLASSGUI.PCH
C:\PROGRAM FILES\TELEDYNE DALSA\SAPERA\CLASSES\GUI\RELEASE64.NET_2010\SAPCLASSGUI.RES
C:\Program Files\Teledyne DALSA\Sapera\Classes\Gui\Release64.NET_2010\SapClassGui.write.1.tlog
C:\PROGRAM FILES\TELEDYNE DALSA\SAPERA\CLASSES\GUI\RELEASE64.NET_2010\SAPCLASSGUI83.NET_2010.DLL
C:\PROGRAM FILES\TELEDYNE DALSA\SAPERA\CLASSES\GUI\RELEASE64.NET_2010\SAPCLASSGUI83.NET_2010.DLL.INTERMEDIATE.MANIFEST
C:\PROGRAM FILES\TELEDYNE DALSA\SAPERA\CLASSES\GUI\RELEASE64.NET_2010\SAPCLASSGUI83.NET_2010.MAP
C:\PROGRAM FILES\TELEDYNE DALSA\SAPERA\CLASSES\GUI\RELEASE64.NET_2010\TIFFFILEDLG.OBJ
C:\PROGRAM FILES\TELEDYNE DALSA\SAPERA\CLASSES\GUI\RELEASE64.NET_2010\VC100.PDB
C:\PROGRAM FILES\TELEDYNE DALSA\SAPERA\CLASSES\GUI\RELEASE64.NET_2010\VIEWDLG.OBJ
