生成启动时间为 4/4/2018 5:07:20 PM。
     1>项目“C:\Program Files\Teledyne DALSA\Sapera\Classes\Gui\SapClassGui_2010.vcxproj”在节点 3 上(rebuild 个目标)。
     1>_PrepareForClean:
         正在删除文件“Release.NET_2010\SapClassGui.lastbuildstate”。
     1>C:\Windows\Microsoft.NET\Framework\v4.0.30319\Microsoft.Common.Targets(1200,9): warning : The referenced project '..\..\Source\CorAPI\Win32\CorApi_2010.vcxproj' does not exist.
     1>C:\Windows\Microsoft.NET\Framework\v4.0.30319\Microsoft.Common.Targets(1200,9): warning : The referenced project '..\Basic\SapClassBasic_2010.vcxproj' does not exist.
       InitializeBuildStatus:
         正在创建“Release.NET_2010\SapClassGui.unsuccessfulbuild”，因为已指定“AlwaysCreate”。
       PreBuildEvent:
         if not exist %SystemRoot%\SysWOW64 goto end
         echo (Sapera LT warning) Compiling a 32-bit configuration under 64-bit Windows
         :end
         
         :VCEnd
         (Sapera LT warning) Compiling a 32-bit configuration under 64-bit Windows
       ClCompile:
         C:\Program Files (x86)\Microsoft Visual Studio 10.0\VC\bin\CL.exe /c /I..\Basic /I..\..\Include /I..\..\externals\CorLib /Zi /nologo /W3 /WX- /O2 /Ob1 /Oy- /D NDEBUG /D WIN32 /D _WINDOWS /D _AFXEXT /D SAPCLASSGUI /D WINVER=0x0501 /D _WIN32_WINNT=0x0501 /D _VC80_UPGRADE=0x0710 /D _WINDLL /D _AFXDLL /GF /Gm- /EHsc /MD /GS /Gy /fp:precise /Zc:wchar_t /Zc:forScope /Yc"SapClassGui.h" /Fp".\Release.NET_2010\SapClassGui.pch" /Fo".\Release.NET_2010\\" /Fd".\Release.NET_2010\vc100.pdb" /Gd /TP /analyze- /errorReport:prompt SapClassGui.cpp
         SapClassGui.cpp
         C:\Program Files (x86)\Microsoft Visual Studio 10.0\VC\bin\CL.exe /c /I..\Basic /I..\..\Include /I..\..\externals\CorLib /Zi /nologo /W3 /WX- /O2 /Ob1 /Oy- /D NDEBUG /D WIN32 /D _WINDOWS /D _AFXEXT /D SAPCLASSGUI /D WINVER=0x0501 /D _WIN32_WINNT=0x0501 /D _VC80_UPGRADE=0x0710 /D _WINDLL /D _AFXDLL /GF /Gm- /EHsc /MD /GS /Gy /fp:precise /Zc:wchar_t /Zc:forScope /Yu"SapClassGui.h" /Fp".\Release.NET_2010\SapClassGui.pch" /Fo".\Release.NET_2010\\" /Fd".\Release.NET_2010\vc100.pdb" /Gd /TP /analyze- /errorReport:prompt AbortDlg.cpp AcqConfigDlg.cpp AcqDlg.cpp AScanDlg.cpp AviFileDlg.cpp BayerDlg.cpp BrowseDirDlg.cpp BufDlg.cpp CabDlg.cpp CamVicDlg.cpp ColorConversionDlg.cpp CompDlg.cpp FlatFieldDlg.cpp GioBidirectionalDlg.cpp GioInputDlg.cpp GioOutputDlg.cpp ImageExWnd.cpp ImageFilterEditorDlg.cpp ImageViewportWnd.cpp ImageWnd.cpp JpegFileDlg.cpp LoadSaveDlg.cpp LScanDlg.cpp PixProAbsSubDlg.cpp PixProDlg.cpp PixProIntScaleDlg.cpp PixProRefImageDlg.cpp PixProUflowSubDlg.cpp PixProWAvgDlg.cpp RawFileDlg.cpp TiffFileDlg.cpp ViewDlg.cpp
         AbortDlg.cpp
         AcqConfigDlg.cpp
         AcqDlg.cpp
         AScanDlg.cpp
         AviFileDlg.cpp
         BayerDlg.cpp
         BrowseDirDlg.cpp
         BufDlg.cpp
         CabDlg.cpp
         CamVicDlg.cpp
         ColorConversionDlg.cpp
         CompDlg.cpp
         FlatFieldDlg.cpp
         GioBidirectionalDlg.cpp
         GioInputDlg.cpp
         GioOutputDlg.cpp
         ImageExWnd.cpp
         ImageFilterEditorDlg.cpp
         ImageViewportWnd.cpp
         ImageWnd.cpp
         正在生成代码...
         正在编译...
         JpegFileDlg.cpp
         LoadSaveDlg.cpp
         LScanDlg.cpp
         PixProAbsSubDlg.cpp
         PixProDlg.cpp
         PixProIntScaleDlg.cpp
         PixProRefImageDlg.cpp
         PixProUflowSubDlg.cpp
         PixProWAvgDlg.cpp
         RawFileDlg.cpp
         TiffFileDlg.cpp
         ViewDlg.cpp
         正在生成代码...
       ResourceCompile:
         C:\Program Files (x86)\Microsoft SDKs\Windows\v7.0A\bin\rc.exe /D _AFXDLL /D NDEBUG /D _VC80_UPGRADE=0x0710 /D _AFXDLL /l"0x0409" /nologo /fo"Release.NET_2010\SapClassGui.res" SapClassGui.rc 
       Link:
         C:\Program Files (x86)\Microsoft Visual Studio 10.0\VC\bin\link.exe /ERRORREPORT:PROMPT /OUT:"Release.NET_2010\SapClassGui82.NET_2010.dll" /INCREMENTAL:NO /NOLOGO ..\..\Lib\Win32\Corapi.lib ..\..\Lib\Win32\SapClassBasic.lib /MANIFEST /ManifestFile:"Release.NET_2010\SapClassGui82.NET_2010.dll.intermediate.manifest" /MANIFESTUAC:"level='asInvoker' uiAccess='false'" /PDB:".\Release.NET_2010\SapClassGui82.pdb" /MAP /SUBSYSTEM:WINDOWS /OPT:NOREF /TLBID:1 /BASE:"0x67d80000" /DYNAMICBASE:NO /IMPLIB:"Release.NET_2010\SapClassGui.lib" /MACHINE:X86 /DLL Release.NET_2010\SapClassGui.res
         .\Release.NET_2010\AbortDlg.obj
         .\Release.NET_2010\AcqConfigDlg.obj
         .\Release.NET_2010\AcqDlg.obj
         .\Release.NET_2010\AScanDlg.obj
         .\Release.NET_2010\AviFileDlg.obj
         .\Release.NET_2010\BayerDlg.obj
         .\Release.NET_2010\BrowseDirDlg.obj
         .\Release.NET_2010\BufDlg.obj
         .\Release.NET_2010\CabDlg.obj
         .\Release.NET_2010\CamVicDlg.obj
         .\Release.NET_2010\ColorConversionDlg.obj
         .\Release.NET_2010\CompDlg.obj
         .\Release.NET_2010\FlatFieldDlg.obj
         .\Release.NET_2010\GioBidirectionalDlg.obj
         .\Release.NET_2010\GioInputDlg.obj
         .\Release.NET_2010\GioOutputDlg.obj
         .\Release.NET_2010\ImageExWnd.obj
         .\Release.NET_2010\ImageFilterEditorDlg.obj
         .\Release.NET_2010\ImageViewportWnd.obj
         .\Release.NET_2010\ImageWnd.obj
         .\Release.NET_2010\JpegFileDlg.obj
         .\Release.NET_2010\LoadSaveDlg.obj
         .\Release.NET_2010\LScanDlg.obj
         .\Release.NET_2010\PixProAbsSubDlg.obj
         .\Release.NET_2010\PixProDlg.obj
         .\Release.NET_2010\PixProIntScaleDlg.obj
         .\Release.NET_2010\PixProRefImageDlg.obj
         .\Release.NET_2010\PixProUflowSubDlg.obj
         .\Release.NET_2010\PixProWAvgDlg.obj
         .\Release.NET_2010\RawFileDlg.obj
         .\Release.NET_2010\SapClassGui.obj
         .\Release.NET_2010\TiffFileDlg.obj
         .\Release.NET_2010\ViewDlg.obj
            正在创建库 Release.NET_2010\SapClassGui.lib 和对象 Release.NET_2010\SapClassGui.exp
         SapClassGui_2010.vcxproj -> C:\Program Files\Teledyne DALSA\Sapera\Classes\Gui\Release.NET_2010\SapClassGui82.NET_2010.dll
       Manifest:
         C:\Program Files (x86)\Microsoft SDKs\Windows\v7.0A\bin\mt.exe /nologo /verbose /outputresource:"Release.NET_2010\SapClassGui82.NET_2010.dll;#2" /manifest Release.NET_2010\SapClassGui82.NET_2010.dll.intermediate.manifest "C:\Program Files (x86)\Microsoft Visual Studio 10.0\VC\Include\Manifest\dpiaware.manifest"
       PostBuildEvent:
         if exist %SystemRoot%\SysWOW64 goto is64bit
         echo Updating System32 directory
         copy "C:\Program Files\Teledyne DALSA\Sapera\Classes\Gui\Release.NET_2010\SapClassGui82.NET_2010.dll" %SystemRoot%\System32
         goto end
         :is64bit
         echo Updating SysWow64 directory
         copy "C:\Program Files\Teledyne DALSA\Sapera\Classes\Gui\Release.NET_2010\SapClassGui82.NET_2010.dll" %SystemRoot%\SysWOW64
         :end
         echo Updating Sapera library directory
         copy Release.NET_2010\SapClassGui.lib ..\..\Lib\.NET_2010
         copy Release.NET_2010\SapClassGui.lib ..\..\Lib\Win32\VS2010
         :VCEnd
         Updating SysWow64 directory
         已复制         1 个文件。
         Updating Sapera library directory
         已复制         1 个文件。
         已复制         1 个文件。
       FinalizeBuildStatus:
         正在删除文件“Release.NET_2010\SapClassGui.unsuccessfulbuild”。
         正在对“Release.NET_2010\SapClassGui.lastbuildstate”执行 Touch 任务。
     1>已完成生成项目“C:\Program Files\Teledyne DALSA\Sapera\Classes\Gui\SapClassGui_2010.vcxproj”(rebuild 个目标)的操作。

生成成功。

已用时间 00:00:07.10
