C:\Program Files\Teledyne DALSA\Sapera\Examples\NET\GigeCameraDemo201610271641\GigeCameraDemo\Release64\cl.command.1.tlog
C:\Program Files\Teledyne DALSA\Sapera\Examples\NET\GigeCameraDemo201610271641\GigeCameraDemo\Release64\CL.read.1.tlog
C:\Program Files\Teledyne DALSA\Sapera\Examples\NET\GigeCameraDemo201610271641\GigeCameraDemo\Release64\CL.write.1.tlog
C:\PROGRAM FILES\TELEDYNE DALSA\SAPERA\EXAMPLES\NET\GIGECAMERADEMO201610271641\GIGECAMERADEMO\RELEASE64\GIGECAMERADEMO.EXE
C:\PROGRAM FILES\TELEDYNE DALSA\SAPERA\EXAMPLES\NET\GIGECAMERADEMO201610271641\GIGECAMERADEMO\RELEASE64\GIGECAMERADEMO.EXE.INTERMEDIATE.MANIFEST
C:\PROGRAM FILES\TELEDYNE DALSA\SAPERA\EXAMPLES\NET\GIGECAMERADEMO201610271641\GIGECAMERADEMO\RELEASE64\GIGECAMERADEMO.OBJ
C:\PROGRAM FILES\TELEDYNE DALSA\SAPERA\EXAMPLES\NET\GIGECAMERADEMO201610271641\GIGECAMERADEMO\RELEASE64\GIGECAMERADEMO.RES
C:\Program Files\Teledyne DALSA\Sapera\Examples\NET\GigeCameraDemo201610271641\GigeCameraDemo\Release64\GigeCameraDemo.write.1.tlog
C:\PROGRAM FILES\TELEDYNE DALSA\SAPERA\EXAMPLES\NET\GIGECAMERADEMO201610271641\GIGECAMERADEMO\RELEASE64\GIGECAMERADEMODLG.OBJ
C:\Program Files\Teledyne DALSA\Sapera\Examples\NET\GigeCameraDemo201610271641\GigeCameraDemo\Release64\link.command.1.tlog
C:\Program Files\Teledyne DALSA\Sapera\Examples\NET\GigeCameraDemo201610271641\GigeCameraDemo\Release64\link.read.1.tlog
C:\Program Files\Teledyne DALSA\Sapera\Examples\NET\GigeCameraDemo201610271641\GigeCameraDemo\Release64\link.write.1.tlog
C:\Program Files\Teledyne DALSA\Sapera\Examples\NET\GigeCameraDemo201610271641\GigeCameraDemo\Release64\link-cvtres.read.1.tlog
C:\Program Files\Teledyne DALSA\Sapera\Examples\NET\GigeCameraDemo201610271641\GigeCameraDemo\Release64\link-cvtres.write.1.tlog
C:\Program Files\Teledyne DALSA\Sapera\Examples\NET\GigeCameraDemo201610271641\GigeCameraDemo\Release64\mt.command.1.tlog
C:\Program Files\Teledyne DALSA\Sapera\Examples\NET\GigeCameraDemo201610271641\GigeCameraDemo\Release64\mt.read.1.tlog
C:\Program Files\Teledyne DALSA\Sapera\Examples\NET\GigeCameraDemo201610271641\GigeCameraDemo\Release64\mt.write.1.tlog
C:\Program Files\Teledyne DALSA\Sapera\Examples\NET\GigeCameraDemo201610271641\GigeCameraDemo\Release64\rc.command.1.tlog
C:\Program Files\Teledyne DALSA\Sapera\Examples\NET\GigeCameraDemo201610271641\GigeCameraDemo\Release64\rc.read.1.tlog
C:\Program Files\Teledyne DALSA\Sapera\Examples\NET\GigeCameraDemo201610271641\GigeCameraDemo\Release64\rc.write.1.tlog
C:\PROGRAM FILES\TELEDYNE DALSA\SAPERA\EXAMPLES\NET\GIGECAMERADEMO201610271641\GIGECAMERADEMO\RELEASE64\SERIALPORT.OBJ
C:\PROGRAM FILES\TELEDYNE DALSA\SAPERA\EXAMPLES\NET\GIGECAMERADEMO201610271641\GIGECAMERADEMO\RELEASE64\VC100.PDB
