C:\PROGRAM FILES\TELEDYNE DALSA\SAPERA\EXAMPLES\NET\GIGECAMERADEMO20171108\GIGECAMERADEMO\DEBUG64\GIGECAMERADEMO.EXE
C:\PROGRAM FILES\TELEDYNE DALSA\SAPERA\EXAMPLES\NET\GIGECAMERADEMO20171108\GIGECAMERADEMO\DEBUG64\GIGECAMERADEMO.EXE.INTERMEDIATE.MANIFEST
C:\PROGRAM FILES\TELEDYNE DALSA\SAPERA\EXAMPLES\NET\GIGECAMERADEMO20171108\GIGECAMERADEMO\DEBUG64\GIGECAMERADEMO.EXE.MANIFEST
C:\PROGRAM FILES\TELEDYNE DALSA\SAPERA\EXAMPLES\NET\GIGECAMERADEMO20171108\GIGECAMERADEMO\DEBUG64\GIGECAMERADEMO.ILK
C:\PROGRAM FILES\TELEDYNE DALSA\SAPERA\EXAMPLES\NET\GIGECAMERADEMO20171108\GIGECAMERADEMO\DEBUG64\GIGECAMERADEMO.MAP
C:\PROGRAM FILES\TELEDYNE DALSA\SAPERA\EXAMPLES\NET\GIGECAMERADEMO20171108\GIGECAMERADEMO\DEBUG64\GIGECAMERADEMO.OBJ
C:\PROGRAM FILES\TELEDYNE DALSA\SAPERA\EXAMPLES\NET\GIGECAMERADEMO20171108\GIGECAMERADEMO\DEBUG64\GIGECAMERADEMO.PDB
C:\PROGRAM FILES\TELEDYNE DALSA\SAPERA\EXAMPLES\NET\GIGECAMERADEMO20171108\GIGECAMERADEMO\DEBUG64\GIGECAMERADEMO.RES
C:\PROGRAM FILES\TELEDYNE DALSA\SAPERA\EXAMPLES\NET\GIGECAMERADEMO20171108\GIGECAMERADEMO\DEBUG64\GIGECAMERADEMODLG.OBJ
C:\PROGRAM FILES\TELEDYNE DALSA\SAPERA\EXAMPLES\NET\GIGECAMERADEMO20171108\GIGECAMERADEMO\DEBUG64\INPUTDIALOG.OBJ
C:\PROGRAM FILES\TELEDYNE DALSA\SAPERA\EXAMPLES\NET\GIGECAMERADEMO20171108\GIGECAMERADEMO\DEBUG64\MESSAGEDIALOG.OBJ
C:\PROGRAM FILES\TELEDYNE DALSA\SAPERA\EXAMPLES\NET\GIGECAMERADEMO20171108\GIGECAMERADEMO\DEBUG64\SERIALPORT.OBJ
C:\PROGRAM FILES\TELEDYNE DALSA\SAPERA\EXAMPLES\NET\GIGECAMERADEMO20171108\GIGECAMERADEMO\DEBUG64\SPLASHWND.OBJ
C:\PROGRAM FILES\TELEDYNE DALSA\SAPERA\EXAMPLES\NET\GIGECAMERADEMO20171108\GIGECAMERADEMO\DEBUG64\STDAFX.OBJ
C:\PROGRAM FILES\TELEDYNE DALSA\SAPERA\EXAMPLES\NET\GIGECAMERADEMO20171108\GIGECAMERADEMO\DEBUG64\VC100.PDB
C:\Users\Administrator\Desktop\sss\GigeCameraDemo20171108\GigeCameraDemo\Debug64\cl.command.1.tlog
C:\Users\Administrator\Desktop\sss\GigeCameraDemo20171108\GigeCameraDemo\Debug64\CL.read.1.tlog
C:\Users\Administrator\Desktop\sss\GigeCameraDemo20171108\GigeCameraDemo\Debug64\CL.write.1.tlog
C:\Users\Administrator\Desktop\sss\GigeCameraDemo20171108\GigeCameraDemo\Debug64\GigeCameraDemo.exe
C:\Users\Administrator\Desktop\sss\GigeCameraDemo20171108\GigeCameraDemo\Debug64\GigeCameraDemo.exe.intermediate.manifest
C:\Users\Administrator\Desktop\sss\GigeCameraDemo20171108\GigeCameraDemo\Debug64\GigeCameraDemo.exe.manifest
C:\Users\Administrator\Desktop\sss\GigeCameraDemo20171108\GigeCameraDemo\Debug64\GigeCameraDemo.ilk
C:\Users\Administrator\Desktop\sss\GigeCameraDemo20171108\GigeCameraDemo\Debug64\GigeCameraDemo.obj
C:\Users\Administrator\Desktop\sss\GigeCameraDemo20171108\GigeCameraDemo\Debug64\GigeCameraDemo.pdb
C:\Users\Administrator\Desktop\sss\GigeCameraDemo20171108\GigeCameraDemo\Debug64\GigeCameraDemo.res
C:\Users\Administrator\Desktop\sss\GigeCameraDemo20171108\GigeCameraDemo\Debug64\GigeCameraDemo.write.1.tlog
C:\Users\Administrator\Desktop\sss\GigeCameraDemo20171108\GigeCameraDemo\Debug64\GigeCameraDemoDlg.obj
C:\Users\Administrator\Desktop\sss\GigeCameraDemo20171108\GigeCameraDemo\Debug64\InputDialog.obj
C:\Users\Administrator\Desktop\sss\GigeCameraDemo20171108\GigeCameraDemo\Debug64\link.command.1.tlog
C:\Users\Administrator\Desktop\sss\GigeCameraDemo20171108\GigeCameraDemo\Debug64\link.read.1.tlog
C:\Users\Administrator\Desktop\sss\GigeCameraDemo20171108\GigeCameraDemo\Debug64\link.write.1.tlog
C:\Users\Administrator\Desktop\sss\GigeCameraDemo20171108\GigeCameraDemo\Debug64\link-cvtres.read.1.tlog
C:\Users\Administrator\Desktop\sss\GigeCameraDemo20171108\GigeCameraDemo\Debug64\link-cvtres.write.1.tlog
C:\Users\Administrator\Desktop\sss\GigeCameraDemo20171108\GigeCameraDemo\Debug64\MessageDialog.obj
C:\Users\Administrator\Desktop\sss\GigeCameraDemo20171108\GigeCameraDemo\Debug64\mt.command.1.tlog
C:\Users\Administrator\Desktop\sss\GigeCameraDemo20171108\GigeCameraDemo\Debug64\mt.read.1.tlog
C:\Users\Administrator\Desktop\sss\GigeCameraDemo20171108\GigeCameraDemo\Debug64\mt.write.1.tlog
C:\Users\Administrator\Desktop\sss\GigeCameraDemo20171108\GigeCameraDemo\Debug64\rc.command.1.tlog
C:\Users\Administrator\Desktop\sss\GigeCameraDemo20171108\GigeCameraDemo\Debug64\rc.read.1.tlog
C:\Users\Administrator\Desktop\sss\GigeCameraDemo20171108\GigeCameraDemo\Debug64\rc.write.1.tlog
C:\Users\Administrator\Desktop\sss\GigeCameraDemo20171108\GigeCameraDemo\Debug64\SerialPort.obj
C:\Users\Administrator\Desktop\sss\GigeCameraDemo20171108\GigeCameraDemo\Debug64\SplashWnd.obj
C:\Users\Administrator\Desktop\sss\GigeCameraDemo20171108\GigeCameraDemo\Debug64\StdAfx.obj
C:\Users\Administrator\Desktop\sss\GigeCameraDemo20171108\GigeCameraDemo\Debug64\vc100.pdb
Debug64\GigeCameraDemo.ilk
Debug64\GigeCameraDemo.pdb
