生成启动时间为 5/23/2018 3:27:00 PM。
     1>项目“C:\Program Files\Teledyne DALSA\Sapera\Examples\NET\GigeCameraDemo20171108\GigeCameraDemo\GigeCameraDemo_2010.vcxproj”在节点 2 上(rebuild 个目标)。
     1>_PrepareForClean:
         正在删除文件“Debug64\GigeCameraDemo.lastbuildstate”。
       InitializeBuildStatus:
         正在创建“Debug64\GigeCameraDemo.unsuccessfulbuild”，因为已指定“AlwaysCreate”。
       PreBuildEvent:
         if exist %SystemRoot%\SysWOW64 goto end
         echo (Sapera LT warning) Compiling a 64-bit configuration under 32-bit Windows
         :end
         
         :VCEnd
       ClCompile:
         C:\Program Files (x86)\Microsoft Visual Studio 10.0\VC\bin\x86_amd64\CL.exe /c /I. /I"C:\Program Files\Teledyne DALSA\Sapera\Include" /I"C:\Program Files\Teledyne DALSA\Sapera\Classes\Basic" /I"C:\Program Files\Teledyne DALSA\Sapera\Classes\Gui" /Zi /nologo /W4 /WX- /Od /D WIN32 /D _DEBUG /D _WINDOWS /D WINVER=0x0501 /D _WIN32_WINNT=0x0501 /D _VC80_UPGRADE=0x0710 /D _AFXDLL /Gm- /EHsc /MDd /GS /fp:precise /Zc:wchar_t /Zc:forScope /Fo".\Debug64\\" /Fd".\Debug64\vc100.pdb" /Gd /TP /errorReport:prompt GigeCameraDemo.cpp GigeCameraDemoDlg.cpp InputDialog.cpp MessageDialog.cpp SerialPort.cpp SplashWnd.cpp StdAfx.cpp
         GigeCameraDemo.cpp
         GigeCameraDemoDlg.cpp
     1>GigeCameraDemoDlg.cpp(445): warning C4189: “pDlg”: 局部变量已初始化但不引用
     1>GigeCameraDemoDlg.cpp(619): warning C4244: “=”: 从“time_t”转换到“double”，可能丢失数据
     1>GigeCameraDemoDlg.cpp(592): warning C4101: “time”: 未引用的局部变量
     1>GigeCameraDemoDlg.cpp(765): warning C4244: “=”: 从“time_t”转换到“double”，可能丢失数据
     1>GigeCameraDemoDlg.cpp(734): warning C4101: “time”: 未引用的局部变量
     1>GigeCameraDemoDlg.cpp(888): warning C4995: “sprintf”: 名称被标记为 #pragma deprecated
     1>GigeCameraDemoDlg.cpp(888): warning C4996: 'sprintf': This function or variable may be unsafe. Consider using sprintf_s instead. To disable deprecation, use _CRT_SECURE_NO_WARNINGS. See online help for details.
                 C:\Program Files (x86)\Microsoft Visual Studio 10.0\VC\include\stdio.h(371) : 参见“sprintf”的声明
     1>GigeCameraDemoDlg.cpp(891): warning C4244: “=”: 从“time_t”转换到“double”，可能丢失数据
     1>GigeCameraDemoDlg.cpp(852): warning C4101: “iCounter”: 未引用的局部变量
     1>GigeCameraDemoDlg.cpp(857): warning C4101: “ch_tmp”: 未引用的局部变量
     1>GigeCameraDemoDlg.cpp(949): warning C4995: “sprintf”: 名称被标记为 #pragma deprecated
     1>GigeCameraDemoDlg.cpp(949): warning C4996: 'sprintf': This function or variable may be unsafe. Consider using sprintf_s instead. To disable deprecation, use _CRT_SECURE_NO_WARNINGS. See online help for details.
                 C:\Program Files (x86)\Microsoft Visual Studio 10.0\VC\include\stdio.h(371) : 参见“sprintf”的声明
     1>GigeCameraDemoDlg.cpp(952): warning C4244: “=”: 从“time_t”转换到“double”，可能丢失数据
     1>GigeCameraDemoDlg.cpp(909): warning C4101: “iCounter”: 未引用的局部变量
     1>GigeCameraDemoDlg.cpp(1014): warning C4267: “初始化”: 从“size_t”转换到“unsigned int”，可能丢失数据
     1>GigeCameraDemoDlg.cpp(1048): warning C4189: “hFile”: 局部变量已初始化但不引用
     1>GigeCameraDemoDlg.cpp(1078): warning C4244: “=”: 从“UINT”转换到“BYTE”，可能丢失数据
     1>GigeCameraDemoDlg.cpp(1092): warning C4244: “=”: 从“UINT”转换到“BYTE”，可能丢失数据
     1>GigeCameraDemoDlg.cpp(1158): warning C4101: “msg”: 未引用的局部变量
     1>GigeCameraDemoDlg.cpp(1442): warning C4101: “s”: 未引用的局部变量
     1>GigeCameraDemoDlg.cpp(1295): warning C4189: “bb”: 局部变量已初始化但不引用
     1>GigeCameraDemoDlg.cpp(1466): warning C4101: “DeviceName”: 未引用的局部变量
     1>GigeCameraDemoDlg.cpp(1983): warning C4189: “bNoGrab”: 局部变量已初始化但不引用
     1>GigeCameraDemoDlg.cpp(2106): warning C4189: “iValue”: 局部变量已初始化但不引用
     1>GigeCameraDemoDlg.cpp(2098): warning C4189: “iCameraCount”: 局部变量已初始化但不引用
     1>GigeCameraDemoDlg.cpp(2101): warning C4189: “pRecordSavePath”: 局部变量已初始化但不引用
     1>GigeCameraDemoDlg.cpp(2100): warning C4189: “pImageSavePath”: 局部变量已初始化但不引用
     1>GigeCameraDemoDlg.cpp(2103): warning C4189: “pString”: 局部变量已初始化但不引用
     1>GigeCameraDemoDlg.cpp(2105): warning C4189: “bExist”: 局部变量已初始化但不引用
     1>GigeCameraDemoDlg.cpp(2177): warning C4189: “pDir”: 局部变量已初始化但不引用
     1>GigeCameraDemoDlg.cpp(2176): warning C4189: “iValue”: 局部变量已初始化但不引用
     1>GigeCameraDemoDlg.cpp(2172): warning C4189: “pConfigPath”: 局部变量已初始化但不引用
     1>GigeCameraDemoDlg.cpp(2169): warning C4101: “chPath”: 未引用的局部变量
     1>GigeCameraDemoDlg.cpp(2171): warning C4189: “pRecordSavePath”: 局部变量已初始化但不引用
     1>GigeCameraDemoDlg.cpp(2170): warning C4189: “pImageSavePath”: 局部变量已初始化但不引用
     1>GigeCameraDemoDlg.cpp(2173): warning C4189: “pString”: 局部变量已初始化但不引用
     1>GigeCameraDemoDlg.cpp(2175): warning C4189: “bExist”: 局部变量已初始化但不引用
     1>GigeCameraDemoDlg.cpp(2262): warning C4305: “=”: 从“double”到“float”截断
     1>GigeCameraDemoDlg.cpp(2263): warning C4305: “=”: 从“double”到“float”截断
     1>GigeCameraDemoDlg.cpp(2271): warning C4101: “word”: 未引用的局部变量
     1>GigeCameraDemoDlg.cpp(2276): warning C4189: “n”: 局部变量已初始化但不引用
     1>GigeCameraDemoDlg.cpp(2272): warning C4101: “word_1”: 未引用的局部变量
     1>GigeCameraDemoDlg.cpp(2273): warning C4101: “word_2”: 未引用的局部变量
     1>GigeCameraDemoDlg.cpp(2432): warning C4189: “sendfrequency”: 局部变量已初始化但不引用
     1>GigeCameraDemoDlg.cpp(2578): warning C4101: “cx”: 未引用的局部变量
     1>GigeCameraDemoDlg.cpp(2578): warning C4101: “cy”: 未引用的局部变量
         InputDialog.cpp
         MessageDialog.cpp
     1>MessageDialog.cpp(49): warning C4100: “lparam”: 未引用的形参
         SerialPort.cpp
     1>SerialPort.cpp(133): warning C4996: 'sprintf': This function or variable may be unsafe. Consider using sprintf_s instead. To disable deprecation, use _CRT_SECURE_NO_WARNINGS. See online help for details.
                 C:\Program Files (x86)\Microsoft Visual Studio 10.0\VC\include\stdio.h(371) : 参见“sprintf”的声明
     1>SerialPort.cpp(134): warning C4996: 'sprintf': This function or variable may be unsafe. Consider using sprintf_s instead. To disable deprecation, use _CRT_SECURE_NO_WARNINGS. See online help for details.
                 C:\Program Files (x86)\Microsoft Visual Studio 10.0\VC\include\stdio.h(371) : 参见“sprintf”的声明
     1>SerialPort.cpp(118): warning C4189: “bResult”: 局部变量已初始化但不引用
     1>SerialPort.cpp(216): warning C4189: “BytesTransfered”: 局部变量已初始化但不引用
     1>SerialPort.cpp(415): warning C4996: 'sprintf': This function or variable may be unsafe. Consider using sprintf_s instead. To disable deprecation, use _CRT_SECURE_NO_WARNINGS. See online help for details.
                 C:\Program Files (x86)\Microsoft Visual Studio 10.0\VC\include\stdio.h(371) : 参见“sprintf”的声明
     1>SerialPort.cpp(613): warning C4996: 'strcpy': This function or variable may be unsafe. Consider using strcpy_s instead. To disable deprecation, use _CRT_SECURE_NO_WARNINGS. See online help for details.
                 C:\Program Files (x86)\Microsoft Visual Studio 10.0\VC\include\string.h(105) : 参见“strcpy”的声明
         SplashWnd.cpp
         StdAfx.cpp
         Generating Code...
     1>c:\program files\teledyne dalsa\sapera\examples\net\gigecamerademo20171108\gigecamerademo\serialport.cpp(345): warning C4701: 使用了可能未初始化的局部变量“comstat”
     1>c:\program files\teledyne dalsa\sapera\examples\net\gigecamerademo20171108\gigecamerademo\serialport.cpp(368): warning C4706: 条件表达式内的赋值
     1>c:\program files\teledyne dalsa\sapera\examples\net\gigecamerademo20171108\gigecamerademo\serialport.cpp(600): warning C4701: 使用了可能未初始化的局部变量“RXBuff”
       ResourceCompile:
         C:\Program Files (x86)\Microsoft SDKs\Windows\v7.0A\bin\rc.exe /D _AFXDLL /D _DEBUG /D _VC80_UPGRADE=0x0710 /D _AFXDLL /l"0x0409" /I..\..\..\..\Classes\Gui /nologo /fo"Debug64\GigeCameraDemo.res" GigeCameraDemo.rc 
     1>项目“C:\Program Files\Teledyne DALSA\Sapera\Examples\NET\GigeCameraDemo20171108\GigeCameraDemo\GigeCameraDemo_2010.vcxproj”(1)正在节点 3 上生成“C:\Program Files\Teledyne DALSA\Sapera\Classes\Gui\SapClassGui_2010.vcxproj”(2:3) (GetResolvedLinkLibs 个目标)。
     2>C:\Windows\Microsoft.NET\Framework\v4.0.30319\Microsoft.Common.Targets(1200,9): warning : The referenced project '..\..\Source\CorAPI\Win32\CorApi_2010.vcxproj' does not exist.
     2>C:\Windows\Microsoft.NET\Framework\v4.0.30319\Microsoft.Common.Targets(1200,9): warning : The referenced project '..\Basic\SapClassBasic_2010.vcxproj' does not exist.
     2>已完成生成项目“C:\Program Files\Teledyne DALSA\Sapera\Classes\Gui\SapClassGui_2010.vcxproj”(GetResolvedLinkLibs 个目标)的操作。
     1>Link:
         C:\Program Files (x86)\Microsoft Visual Studio 10.0\VC\bin\x86_amd64\link.exe /ERRORREPORT:PROMPT /OUT:"Debug64\GigeCameraDemo.exe" /INCREMENTAL /NOLOGO /LIBPATH:"C:\Program Files\Teledyne DALSA\Sapera\Lib\Win64\VS2010" /LIBPATH:"C:\Program Files\Teledyne DALSA\Sapera\Lib\Win64" SapClassBasic.lib SapClassGuiD.lib ZLBImage.lib ZLBCommon.lib /MANIFEST /ManifestFile:"Debug64\GigeCameraDemo.exe.intermediate.manifest" /MANIFESTUAC:"level='asInvoker' uiAccess='false'" /DEBUG /PDB:".\Debug64\GigeCameraDemo.pdb" /MAP /SUBSYSTEM:WINDOWS /LARGEADDRESSAWARE /TLBID:1 /DYNAMICBASE /NXCOMPAT /IMPLIB:"Debug64\GigeCameraDemo.lib" /MACHINE:X64 Debug64\GigeCameraDemo.res
         .\Debug64\GigeCameraDemo.obj
         .\Debug64\GigeCameraDemoDlg.obj
         .\Debug64\InputDialog.obj
         .\Debug64\MessageDialog.obj
         .\Debug64\SerialPort.obj
         .\Debug64\SplashWnd.obj
         .\Debug64\StdAfx.obj
         GigeCameraDemo_2010.vcxproj -> C:\Program Files\Teledyne DALSA\Sapera\Examples\NET\GigeCameraDemo20171108\GigeCameraDemo\Debug64\GigeCameraDemo.exe
       Manifest:
         C:\Program Files (x86)\Microsoft SDKs\Windows\v7.0A\bin\mt.exe /nologo /verbose /out:"C:\Program Files\Teledyne DALSA\Sapera\Examples\NET\GigeCameraDemo20171108\GigeCameraDemo\Debug64\GigeCameraDemo.exe.manifest" /manifest Debug64\GigeCameraDemo.exe.intermediate.manifest "C:\Program Files (x86)\Microsoft Visual Studio 10.0\VC\Include\Manifest\dpiaware.manifest"
       FinalizeBuildStatus:
         正在删除文件“Debug64\GigeCameraDemo.unsuccessfulbuild”。
         正在对“Debug64\GigeCameraDemo.lastbuildstate”执行 Touch 任务。
     1>已完成生成项目“C:\Program Files\Teledyne DALSA\Sapera\Examples\NET\GigeCameraDemo20171108\GigeCameraDemo\GigeCameraDemo_2010.vcxproj”(rebuild 个目标)的操作。

生成成功。

已用时间 00:00:06.78
